<?xml version="1.0" encoding="UTF-8"?>
<!-- Generated by org.testng.reporters.JUnitReportReporter -->
<testsuite skipped="0" hostname="Ansh-PC" name="org.JunitTestNg.TestNgTC1" tests="2" failures="0" timestamp="20 Nov 2019 03:49:17 GMT" time="0.021" errors="0">
  <testcase name="tc2" time="0.004" classname="org.JunitTestNg.TestNgTC1"/>
  <testcase name="tc1" time="0.017" classname="org.JunitTestNg.TestNgTC1"/>
</testsuite> <!-- org.JunitTestNg.TestNgTC1 -->
