<?xml version="1.0" encoding="UTF-8"?>
<!-- Generated by org.testng.reporters.JUnitReportReporter -->
<testsuite skipped="0" hostname="Ansh-PC" name="org.JunitTestNgAnnotaions.TestNgAnnotationTCWithListener" tests="1" failures="0" timestamp="23 Mar 2021 04:52:31 GMT" time="0.027" errors="0">
  <testcase name="tc1" time="0.027" classname="org.JunitTestNgAnnotaions.TestNgAnnotationTCWithListener"/>
</testsuite> <!-- org.JunitTestNgAnnotaions.TestNgAnnotationTCWithListener -->
