<?xml version="1.0" encoding="UTF-8"?>
<!-- Generated by org.testng.reporters.JUnitReportReporter -->
<testsuite skipped="0" hostname="Ansh-PC" name="org.POMTest.POMTest" tests="2" failures="0" timestamp="26 Nov 2019 05:25:45 GMT" time="138.692" errors="0">
  <testcase name="github1" time="56.944" classname="org.POMTest.POMTest"/>
  <testcase name="github" time="81.748" classname="org.POMTest.POMTest"/>
</testsuite> <!-- org.POMTest.POMTest -->
